2015-04-06_11:54:14.814 [main] INFO  deportes.beisbol.App - INICIO DE PROCEDIMIENTO
2015-04-06_11:54:16.035 [main] INFO  d.b.json.set1.LectorMultiPartidos - Liga de partidos:http://www.milb.com/gdcross/components/game/aaa/year_2015/month_04/day_05/master_scoreboard.json
2015-04-06_11:54:18.253 [main] INFO  d.b.json.set1.LectorMultiPartidos - OP_EXITOSA
2015-04-06_11:54:18.479 [main] INFO  d.b.json.set1.LectorMultiPartidos - OP_EXITOSA
2015-04-06_11:54:18.704 [main] INFO  d.b.json.set1.LectorMultiPartidos - OP_EXITOSA
2015-04-06_11:54:18.857 [main] INFO  d.b.json.set1.LectorMultiPartidos - OP_EXITOSA
2015-04-06_11:54:19.046 [main] INFO  d.b.json.set1.LectorMultiPartidos - OP_EXITOSA
2015-04-06_11:54:19.199 [main] INFO  d.b.json.set1.LectorMultiPartidos - OP_EXITOSA
2015-04-06_11:54:19.323 [main] INFO  d.b.json.set1.LectorMultiPartidos - OP_EXITOSA
2015-04-06_11:54:19.477 [main] INFO  d.b.json.set1.LectorMultiPartidos - OP_EXITOSA
2015-04-06_11:54:19.478 [main] INFO  deportes.beisbol.App - Se encontraron 8 juegos para 2015-04-05
2015-04-06_11:54:19.479 [main] INFO  deportes.beisbol.App - FIN DE PROCEDIMIENTO
2015-04-09_10:57:45.472 [main] INFO  deportes.beisbol.App - INICIO DE PROCEDIMIENTO
2015-04-09_10:57:46.650 [main] INFO  d.b.json.set1.LectorMultiPartidos - Liga de partidos:http://www.milb.com/gdcross/components/game/aaa/year_2015/month_04/day_07/master_scoreboard.json
2015-04-09_10:57:48.282 [main] INFO  d.b.json.set1.LectorMultiPartidos - ERROR: org.springframework.transaction.TransactionSystemException: Could not commit JPA transaction; nested exception is javax.persistence.RollbackException: Transaction marked as rollbackOnly - Could not commit JPA transaction; nested exception is javax.persistence.RollbackException: Transaction marked as rollbackOnly
2015-04-09_10:57:48.424 [main] INFO  d.b.json.set1.LectorMultiPartidos - OP_EXITOSA
2015-04-09_10:57:48.580 [main] INFO  d.b.json.set1.LectorMultiPartidos - OP_EXITOSA
2015-04-09_10:57:48.752 [main] INFO  d.b.json.set1.LectorMultiPartidos - OP_EXITOSA
2015-04-09_10:57:48.908 [main] INFO  d.b.json.set1.LectorMultiPartidos - OP_EXITOSA
2015-04-09_10:57:49.044 [main] INFO  d.b.json.set1.LectorMultiPartidos - OP_EXITOSA
2015-04-09_10:57:49.184 [main] INFO  d.b.json.set1.LectorMultiPartidos - OP_EXITOSA
2015-04-09_10:57:49.329 [main] INFO  d.b.json.set1.LectorMultiPartidos - OP_EXITOSA
2015-04-09_10:57:49.345 [main] INFO  deportes.beisbol.App - Se encontraron 8 juegos para 2015-04-07
2015-04-09_10:57:49.346 [main] INFO  d.b.json.set1.LectorMultiPartidos - Liga de partidos:http://www.milb.com/gdcross/components/game/aaa/year_2015/month_04/day_08/master_scoreboard.json
2015-04-09_10:57:49.867 [main] INFO  d.b.json.set1.LectorMultiPartidos - status:Suspended
2015-04-09_10:57:49.982 [main] INFO  d.b.json.set1.LectorMultiPartidos - ERROR: org.springframework.transaction.TransactionSystemException: Could not commit JPA transaction; nested exception is javax.persistence.RollbackException: Transaction marked as rollbackOnly - Could not commit JPA transaction; nested exception is javax.persistence.RollbackException: Transaction marked as rollbackOnly
2015-04-09_10:57:50.094 [main] INFO  d.b.json.set1.LectorMultiPartidos - OP_EXITOSA
2015-04-09_10:57:50.094 [main] INFO  d.b.json.set1.LectorMultiPartidos - status:Postponed
2015-04-09_10:57:50.219 [main] INFO  d.b.json.set1.LectorMultiPartidos - OP_EXITOSA
2015-04-09_10:57:50.312 [main] INFO  d.b.json.set1.LectorMultiPartidos - OP_EXITOSA
2015-04-09_10:57:50.437 [main] INFO  d.b.json.set1.LectorMultiPartidos - OP_EXITOSA
2015-04-09_10:57:50.520 [main] INFO  d.b.json.set1.LectorMultiPartidos - OP_EXITOSA
2015-04-09_10:57:50.536 [main] INFO  deportes.beisbol.App - Se encontraron 8 juegos para 2015-04-08
2015-04-09_10:57:50.536 [main] INFO  deportes.beisbol.App - FIN DE PROCEDIMIENTO
2015-04-09_11:05:49.154 [main] INFO  deportes.beisbol.App - INICIO DE PROCEDIMIENTO
2015-04-09_11:05:50.356 [main] INFO  d.b.json.set1.LectorMultiPartidos - Liga de partidos:http://www.milb.com/gdcross/components/game/aaa/year_2015/month_04/day_07/master_scoreboard.json
2015-04-09_11:05:51.464 [main] INFO  d.b.json.set1.LectorMultiPartidos - OP_EXITOSA
2015-04-09_11:05:52.712 [main] INFO  d.b.json.set1.LectorMultiPartidos - OP_EXITOSA
2015-04-09_11:05:52.826 [main] INFO  d.b.json.set1.LectorMultiPartidos - OP_EXITOSA
2015-04-09_11:05:52.929 [main] INFO  d.b.json.set1.LectorMultiPartidos - OP_EXITOSA
2015-04-09_11:05:53.049 [main] INFO  d.b.json.set1.LectorMultiPartidos - OP_EXITOSA
2015-04-09_11:05:53.173 [main] INFO  d.b.json.set1.LectorMultiPartidos - OP_EXITOSA
2015-04-09_11:05:53.298 [main] INFO  d.b.json.set1.LectorMultiPartidos - OP_EXITOSA
2015-04-09_11:05:53.436 [main] INFO  d.b.json.set1.LectorMultiPartidos - OP_EXITOSA
2015-04-09_11:05:53.437 [main] INFO  deportes.beisbol.App - Se encontraron 8 juegos para 2015-04-07
2015-04-09_11:05:53.456 [main] INFO  d.b.json.set1.LectorMultiPartidos - Liga de partidos:http://www.milb.com/gdcross/components/game/aaa/year_2015/month_04/day_08/master_scoreboard.json
2015-04-09_11:05:53.517 [main] INFO  d.b.json.set1.LectorMultiPartidos - status:Suspended
2015-04-09_11:05:53.646 [main] INFO  d.b.json.set1.LectorMultiPartidos - OP_EXITOSA
2015-04-09_11:05:53.747 [main] INFO  d.b.json.set1.LectorMultiPartidos - OP_EXITOSA
2015-04-09_11:05:53.748 [main] INFO  d.b.json.set1.LectorMultiPartidos - status:Postponed
2015-04-09_11:05:53.843 [main] INFO  d.b.json.set1.LectorMultiPartidos - OP_EXITOSA
2015-04-09_11:05:53.939 [main] INFO  d.b.json.set1.LectorMultiPartidos - OP_EXITOSA
2015-04-09_11:05:54.023 [main] INFO  d.b.json.set1.LectorMultiPartidos - OP_EXITOSA
2015-04-09_11:05:54.106 [main] INFO  d.b.json.set1.LectorMultiPartidos - OP_EXITOSA
2015-04-09_11:05:54.113 [main] INFO  deportes.beisbol.App - Se encontraron 8 juegos para 2015-04-08
2015-04-09_11:05:54.113 [main] INFO  deportes.beisbol.App - FIN DE PROCEDIMIENTO
2015-04-10_09:35:20.342 [main] INFO  deportes.beisbol.App - INICIO DE PROCEDIMIENTO
2015-04-10_09:35:21.349 [main] INFO  d.b.json.set1.LectorMultiPartidos - Liga de partidos:http://www.milb.com/gdcross/components/game/aaa/year_2015/month_04/day_07/master_scoreboard.json
2015-04-10_09:35:23.609 [main] INFO  d.b.json.set1.LectorMultiPartidos - OP_EXITOSA
2015-04-10_09:35:23.815 [main] INFO  d.b.json.set1.LectorMultiPartidos - OP_EXITOSA
2015-04-10_09:35:24.007 [main] INFO  d.b.json.set1.LectorMultiPartidos - OP_EXITOSA
2015-04-10_09:35:24.187 [main] INFO  d.b.json.set1.LectorMultiPartidos - OP_EXITOSA
2015-04-10_09:35:24.355 [main] INFO  d.b.json.set1.LectorMultiPartidos - OP_EXITOSA
2015-04-10_09:35:24.499 [main] INFO  d.b.json.set1.LectorMultiPartidos - OP_EXITOSA
2015-04-10_09:35:24.659 [main] INFO  d.b.json.set1.LectorMultiPartidos - OP_EXITOSA
2015-04-10_09:35:24.837 [main] INFO  d.b.json.set1.LectorMultiPartidos - OP_EXITOSA
2015-04-10_09:35:24.838 [main] INFO  deportes.beisbol.App - Se encontraron 8 juegos para 2015-04-07
2015-04-10_09:35:24.849 [main] INFO  d.b.json.set1.LectorMultiPartidos - Liga de partidos:http://www.milb.com/gdcross/components/game/aaa/year_2015/month_04/day_08/master_scoreboard.json
2015-04-10_09:35:25.193 [main] INFO  d.b.json.set1.LectorMultiPartidos - OP_EXITOSA
2015-04-10_09:35:25.324 [main] INFO  d.b.json.set1.LectorMultiPartidos - OP_EXITOSA
2015-04-10_09:35:25.455 [main] INFO  d.b.json.set1.LectorMultiPartidos - OP_EXITOSA
2015-04-10_09:35:25.455 [main] INFO  d.b.json.set1.LectorMultiPartidos - status:Postponed
2015-04-10_09:35:25.570 [main] INFO  d.b.json.set1.LectorMultiPartidos - OP_EXITOSA
2015-04-10_09:35:25.700 [main] INFO  d.b.json.set1.LectorMultiPartidos - OP_EXITOSA
2015-04-10_09:35:25.811 [main] INFO  d.b.json.set1.LectorMultiPartidos - OP_EXITOSA
2015-04-10_09:35:25.912 [main] INFO  d.b.json.set1.LectorMultiPartidos - OP_EXITOSA
2015-04-10_09:35:25.920 [main] INFO  deportes.beisbol.App - Se encontraron 8 juegos para 2015-04-08
2015-04-10_09:35:25.920 [main] INFO  deportes.beisbol.App - FIN DE PROCEDIMIENTO
2015-04-10_09:35:56.675 [main] INFO  deportes.beisbol.App - INICIO DE PROCEDIMIENTO
2015-04-10_09:35:57.798 [main] INFO  d.b.json.set1.LectorMultiPartidos - Liga de partidos:http://www.milb.com/gdcross/components/game/aaa/year_2015/month_04/day_09/master_scoreboard.json
2015-04-10_09:35:58.610 [main] INFO  d.b.json.set1.LectorMultiPartidos - OP_EXITOSA
2015-04-10_09:35:58.736 [main] INFO  d.b.json.set1.LectorMultiPartidos - OP_EXITOSA
2015-04-10_09:35:58.853 [main] INFO  d.b.json.set1.LectorMultiPartidos - OP_EXITOSA
2015-04-10_09:35:58.972 [main] INFO  d.b.json.set1.LectorMultiPartidos - OP_EXITOSA
2015-04-10_09:35:59.090 [main] INFO  d.b.json.set1.LectorMultiPartidos - OP_EXITOSA
2015-04-10_09:35:59.205 [main] INFO  d.b.json.set1.LectorMultiPartidos - OP_EXITOSA
2015-04-10_09:35:59.297 [main] INFO  d.b.json.set1.LectorMultiPartidos - OP_EXITOSA
2015-04-10_09:35:59.397 [main] INFO  d.b.json.set1.LectorMultiPartidos - OP_EXITOSA
2015-04-10_09:35:59.504 [main] INFO  d.b.json.set1.LectorMultiPartidos - OP_EXITOSA
2015-04-10_09:35:59.605 [main] INFO  d.b.json.set1.LectorMultiPartidos - OP_EXITOSA
2015-04-10_09:35:59.607 [main] INFO  deportes.beisbol.App - Se encontraron 25 juegos para 2015-04-09
2015-04-10_09:35:59.607 [main] INFO  deportes.beisbol.App - FIN DE PROCEDIMIENTO
2015-04-13_09:42:34.282 [main] INFO  deportes.beisbol.App - INICIO DE PROCEDIMIENTO
2015-04-13_09:42:35.513 [main] INFO  d.b.json.set1.LectorMultiPartidos - Liga de partidos:http://www.milb.com/gdcross/components/game/aaa/year_2015/month_04/day_10/master_scoreboard.json
2015-04-13_09:42:38.689 [main] INFO  d.b.json.set1.LectorMultiPartidos - OP_EXITOSA
2015-04-13_09:42:38.975 [main] INFO  d.b.json.set1.LectorMultiPartidos - OP_EXITOSA
2015-04-13_09:42:39.297 [main] INFO  d.b.json.set1.LectorMultiPartidos - OP_EXITOSA
2015-04-13_09:42:39.652 [main] INFO  d.b.json.set1.LectorMultiPartidos - OP_EXITOSA
2015-04-13_09:42:40.181 [main] INFO  d.b.json.set1.LectorMultiPartidos - OP_EXITOSA
2015-04-13_09:42:40.359 [main] INFO  d.b.json.set1.LectorMultiPartidos - OP_EXITOSA
2015-04-13_09:42:40.528 [main] INFO  d.b.json.set1.LectorMultiPartidos - OP_EXITOSA
2015-04-13_09:42:40.716 [main] INFO  d.b.json.set1.LectorMultiPartidos - OP_EXITOSA
2015-04-13_09:42:40.717 [main] INFO  deportes.beisbol.App - Se encontraron 23 juegos para 2015-04-10
2015-04-13_09:42:40.730 [main] INFO  d.b.json.set1.LectorMultiPartidos - Liga de partidos:http://www.milb.com/gdcross/components/game/aaa/year_2015/month_04/day_11/master_scoreboard.json
2015-04-13_09:42:41.516 [main] INFO  d.b.json.set1.LectorMultiPartidos - OP_EXITOSA
2015-04-13_09:42:41.685 [main] INFO  d.b.json.set1.LectorMultiPartidos - OP_EXITOSA
2015-04-13_09:42:41.815 [main] INFO  d.b.json.set1.LectorMultiPartidos - OP_EXITOSA
2015-04-13_09:42:41.972 [main] INFO  d.b.json.set1.LectorMultiPartidos - OP_EXITOSA
2015-04-13_09:42:42.149 [main] INFO  d.b.json.set1.LectorMultiPartidos - OP_EXITOSA
2015-04-13_09:42:42.275 [main] INFO  d.b.json.set1.LectorMultiPartidos - OP_EXITOSA
2015-04-13_09:42:42.410 [main] INFO  d.b.json.set1.LectorMultiPartidos - OP_EXITOSA
2015-04-13_09:42:42.578 [main] INFO  d.b.json.set1.LectorMultiPartidos - OP_EXITOSA
2015-04-13_09:42:42.588 [main] INFO  deportes.beisbol.App - Se encontraron 23 juegos para 2015-04-11
2015-04-13_09:42:42.588 [main] INFO  d.b.json.set1.LectorMultiPartidos - Liga de partidos:http://www.milb.com/gdcross/components/game/aaa/year_2015/month_04/day_12/master_scoreboard.json
2015-04-13_09:42:42.752 [main] INFO  d.b.json.set1.LectorMultiPartidos - status:Postponed
2015-04-13_09:42:42.899 [main] INFO  d.b.json.set1.LectorMultiPartidos - OP_EXITOSA
2015-04-13_09:42:43.069 [main] INFO  d.b.json.set1.LectorMultiPartidos - OP_EXITOSA
2015-04-13_09:42:43.246 [main] INFO  d.b.json.set1.LectorMultiPartidos - OP_EXITOSA
2015-04-13_09:42:43.448 [main] INFO  d.b.json.set1.LectorMultiPartidos - OP_EXITOSA
2015-04-13_09:42:43.563 [main] INFO  d.b.json.set1.LectorMultiPartidos - OP_EXITOSA
2015-04-13_09:42:43.714 [main] INFO  d.b.json.set1.LectorMultiPartidos - OP_EXITOSA
2015-04-13_09:42:43.824 [main] INFO  d.b.json.set1.LectorMultiPartidos - OP_EXITOSA
2015-04-13_09:42:43.934 [main] INFO  d.b.json.set1.LectorMultiPartidos - OP_EXITOSA
2015-04-13_09:42:43.935 [main] INFO  deportes.beisbol.App - Se encontraron 24 juegos para 2015-04-12
2015-04-13_09:42:43.950 [main] INFO  d.b.json.set1.LectorMultiPartidos - Liga de partidos:http://www.milb.com/gdcross/components/game/aaa/year_2015/month_04/day_13/master_scoreboard.json
2015-04-13_09:42:44.047 [main] INFO  d.b.json.set1.LectorMultiPartidos - status:Preview
2015-04-13_09:42:44.047 [main] INFO  deportes.beisbol.App - Se encontraron 16 juegos para 2015-04-13
2015-04-13_09:42:44.047 [main] INFO  deportes.beisbol.App - FIN DE PROCEDIMIENTO
2015-04-17_08:50:07.855 [main] INFO  deportes.beisbol.App - INICIO DE PROCEDIMIENTO
2015-04-17_08:50:09.226 [main] INFO  d.b.json.set1.LectorMultiPartidos - Liga de partidos:http://www.milb.com/gdcross/components/game/aaa/year_2015/month_04/day_13/master_scoreboard.json
2015-04-17_08:50:13.555 [main] INFO  d.b.json.set1.LectorMultiPartidos - OP_EXITOSA
2015-04-17_08:50:13.556 [main] INFO  deportes.beisbol.App - Se encontraron 16 juegos para 2015-04-13
2015-04-17_08:50:13.570 [main] INFO  d.b.json.set1.LectorMultiPartidos - Liga de partidos:http://www.milb.com/gdcross/components/game/aaa/year_2015/month_04/day_14/master_scoreboard.json
2015-04-17_08:50:14.214 [main] INFO  d.b.json.set1.LectorMultiPartidos - OP_EXITOSA
2015-04-17_08:50:14.492 [main] INFO  d.b.json.set1.LectorMultiPartidos - OP_EXITOSA
2015-04-17_08:50:14.748 [main] INFO  d.b.json.set1.LectorMultiPartidos - OP_EXITOSA
2015-04-17_08:50:14.928 [main] INFO  d.b.json.set1.LectorMultiPartidos - OP_EXITOSA
2015-04-17_08:50:15.104 [main] INFO  d.b.json.set1.LectorMultiPartidos - OP_EXITOSA
2015-04-17_08:50:15.263 [main] INFO  d.b.json.set1.LectorMultiPartidos - OP_EXITOSA
2015-04-17_08:50:15.508 [main] INFO  d.b.json.set1.LectorMultiPartidos - ERROR desconocido
2015-04-17_08:50:15.694 [main] INFO  d.b.json.set1.LectorMultiPartidos - OP_EXITOSA
2015-04-17_08:50:15.695 [main] INFO  deportes.beisbol.App - Se encontraron 25 juegos para 2015-04-14
2015-04-17_08:50:15.702 [main] INFO  d.b.json.set1.LectorMultiPartidos - Liga de partidos:http://www.milb.com/gdcross/components/game/aaa/year_2015/month_04/day_15/master_scoreboard.json
2015-04-17_08:50:16.081 [main] INFO  d.b.json.set1.LectorMultiPartidos - OP_EXITOSA
2015-04-17_08:50:16.234 [main] INFO  d.b.json.set1.LectorMultiPartidos - OP_EXITOSA
2015-04-17_08:50:16.400 [main] INFO  d.b.json.set1.LectorMultiPartidos - OP_EXITOSA
2015-04-17_08:50:16.489 [main] INFO  d.b.json.set1.LectorMultiPartidos - ERROR desconocido
2015-04-17_08:50:16.628 [main] INFO  d.b.json.set1.LectorMultiPartidos - OP_EXITOSA
2015-04-17_08:50:16.761 [main] INFO  d.b.json.set1.LectorMultiPartidos - OP_EXITOSA
2015-04-17_08:50:16.934 [main] INFO  d.b.json.set1.LectorMultiPartidos - OP_EXITOSA
2015-04-17_08:50:17.046 [main] INFO  d.b.json.set1.LectorMultiPartidos - OP_EXITOSA
2015-04-17_08:50:17.047 [main] INFO  deportes.beisbol.App - Se encontraron 23 juegos para 2015-04-15
2015-04-17_08:50:17.069 [main] INFO  d.b.json.set1.LectorMultiPartidos - Liga de partidos:http://www.milb.com/gdcross/components/game/aaa/year_2015/month_04/day_16/master_scoreboard.json
2015-04-17_08:50:17.357 [main] INFO  d.b.json.set1.LectorMultiPartidos - OP_EXITOSA
2015-04-17_08:50:17.449 [main] INFO  d.b.json.set1.LectorMultiPartidos - ERROR desconocido
2015-04-17_08:50:17.587 [main] INFO  d.b.json.set1.LectorMultiPartidos - OP_EXITOSA
2015-04-17_08:50:17.694 [main] INFO  d.b.json.set1.LectorMultiPartidos - OP_EXITOSA
2015-04-17_08:50:17.820 [main] INFO  d.b.json.set1.LectorMultiPartidos - OP_EXITOSA
2015-04-17_08:50:17.901 [main] INFO  d.b.json.set1.LectorMultiPartidos - OP_EXITOSA
2015-04-17_08:50:17.993 [main] INFO  d.b.json.set1.LectorMultiPartidos - OP_EXITOSA
2015-04-17_08:50:18.076 [main] INFO  d.b.json.set1.LectorMultiPartidos - OP_EXITOSA
2015-04-17_08:50:18.076 [main] INFO  deportes.beisbol.App - Se encontraron 25 juegos para 2015-04-16
2015-04-17_08:50:18.082 [main] INFO  d.b.json.set1.LectorMultiPartidos - Liga de partidos:http://www.milb.com/gdcross/components/game/aaa/year_2015/month_04/day_17/master_scoreboard.json
2015-04-17_08:50:18.176 [main] INFO  d.b.json.set1.LectorMultiPartidos - status:Preview
2015-04-17_08:50:18.183 [main] INFO  d.b.json.set1.LectorMultiPartidos - status:Preview
2015-04-17_08:50:18.183 [main] INFO  d.b.json.set1.LectorMultiPartidos - status:Preview
2015-04-17_08:50:18.183 [main] INFO  d.b.json.set1.LectorMultiPartidos - status:Preview
2015-04-17_08:50:18.184 [main] INFO  d.b.json.set1.LectorMultiPartidos - status:Preview
2015-04-17_08:50:18.189 [main] INFO  d.b.json.set1.LectorMultiPartidos - status:Preview
2015-04-17_08:50:18.189 [main] INFO  d.b.json.set1.LectorMultiPartidos - status:Preview
2015-04-17_08:50:18.189 [main] INFO  d.b.json.set1.LectorMultiPartidos - status:Preview
2015-04-17_08:50:18.189 [main] INFO  deportes.beisbol.App - Se encontraron 23 juegos para 2015-04-17
2015-04-17_08:50:18.190 [main] INFO  deportes.beisbol.App - FIN DE PROCEDIMIENTO
2015-04-17_08:57:21.535 [main] INFO  deportes.beisbol.App - INICIO DE PROCEDIMIENTO
2015-04-17_08:57:22.677 [main] INFO  d.b.json.set1.LectorMultiPartidos - Liga de partidos:http://www.milb.com/gdcross/components/game/aaa/year_2015/month_04/day_14/master_scoreboard.json
2015-04-17_08:57:23.519 [main] INFO  d.b.json.set1.LectorMultiPartidos - OP_EXITOSA
2015-04-17_08:57:23.691 [main] INFO  d.b.json.set1.LectorMultiPartidos - OP_EXITOSA
2015-04-17_08:57:23.822 [main] INFO  d.b.json.set1.LectorMultiPartidos - OP_EXITOSA
2015-04-17_08:57:23.947 [main] INFO  d.b.json.set1.LectorMultiPartidos - OP_EXITOSA
2015-04-17_08:57:24.057 [main] INFO  d.b.json.set1.LectorMultiPartidos - OP_EXITOSA
2015-04-17_08:57:24.197 [main] INFO  d.b.json.set1.LectorMultiPartidos - OP_EXITOSA
2015-04-17_08:57:24.307 [main] INFO  d.b.json.set1.LectorMultiPartidos - OP_EXITOSA
2015-04-17_08:57:24.401 [main] INFO  d.b.json.set1.LectorMultiPartidos - OP_EXITOSA
2015-04-17_08:57:24.401 [main] INFO  deportes.beisbol.App - Se encontraron 25 juegos para 2015-04-14
2015-04-17_08:57:24.401 [main] INFO  d.b.json.set1.LectorMultiPartidos - Liga de partidos:http://www.milb.com/gdcross/components/game/aaa/year_2015/month_04/day_15/master_scoreboard.json
2015-04-17_08:57:24.850 [main] INFO  d.b.json.set1.LectorMultiPartidos - OP_EXITOSA
2015-04-17_08:57:24.948 [main] INFO  d.b.json.set1.LectorMultiPartidos - OP_EXITOSA
2015-04-17_08:57:25.080 [main] INFO  d.b.json.set1.LectorMultiPartidos - OP_EXITOSA
2015-04-17_08:57:25.202 [main] INFO  d.b.json.set1.LectorMultiPartidos - OP_EXITOSA
2015-04-17_08:57:25.330 [main] INFO  d.b.json.set1.LectorMultiPartidos - OP_EXITOSA
2015-04-17_08:57:25.457 [main] INFO  d.b.json.set1.LectorMultiPartidos - OP_EXITOSA
2015-04-17_08:57:25.546 [main] INFO  d.b.json.set1.LectorMultiPartidos - OP_EXITOSA
2015-04-17_08:57:25.653 [main] INFO  d.b.json.set1.LectorMultiPartidos - OP_EXITOSA
2015-04-17_08:57:25.661 [main] INFO  deportes.beisbol.App - Se encontraron 23 juegos para 2015-04-15
2015-04-17_08:57:25.669 [main] INFO  d.b.json.set1.LectorMultiPartidos - Liga de partidos:http://www.milb.com/gdcross/components/game/aaa/year_2015/month_04/day_16/master_scoreboard.json
2015-04-17_08:57:25.839 [main] INFO  d.b.json.set1.LectorMultiPartidos - OP_EXITOSA
2015-04-17_08:57:25.917 [main] INFO  d.b.json.set1.LectorMultiPartidos - OP_EXITOSA
2015-04-17_08:57:26.027 [main] INFO  d.b.json.set1.LectorMultiPartidos - OP_EXITOSA
2015-04-17_08:57:26.105 [main] INFO  d.b.json.set1.LectorMultiPartidos - OP_EXITOSA
2015-04-17_08:57:26.183 [main] INFO  d.b.json.set1.LectorMultiPartidos - OP_EXITOSA
2015-04-17_08:57:26.261 [main] INFO  d.b.json.set1.LectorMultiPartidos - OP_EXITOSA
2015-04-17_08:57:26.355 [main] INFO  d.b.json.set1.LectorMultiPartidos - OP_EXITOSA
2015-04-17_08:57:26.433 [main] INFO  d.b.json.set1.LectorMultiPartidos - OP_EXITOSA
2015-04-17_08:57:26.433 [main] INFO  deportes.beisbol.App - Se encontraron 25 juegos para 2015-04-16
2015-04-17_08:57:26.449 [main] INFO  d.b.json.set1.LectorMultiPartidos - Liga de partidos:http://www.milb.com/gdcross/components/game/aaa/year_2015/month_04/day_17/master_scoreboard.json
2015-04-17_08:57:26.543 [main] INFO  d.b.json.set1.LectorMultiPartidos - status:Preview
2015-04-17_08:57:26.543 [main] INFO  d.b.json.set1.LectorMultiPartidos - status:Preview
2015-04-17_08:57:26.543 [main] INFO  d.b.json.set1.LectorMultiPartidos - status:Preview
2015-04-17_08:57:26.543 [main] INFO  d.b.json.set1.LectorMultiPartidos - status:Preview
2015-04-17_08:57:26.558 [main] INFO  d.b.json.set1.LectorMultiPartidos - status:Preview
2015-04-17_08:57:26.558 [main] INFO  d.b.json.set1.LectorMultiPartidos - status:Preview
2015-04-17_08:57:26.558 [main] INFO  d.b.json.set1.LectorMultiPartidos - status:Preview
2015-04-17_08:57:26.558 [main] INFO  d.b.json.set1.LectorMultiPartidos - status:Preview
2015-04-17_08:57:26.574 [main] INFO  deportes.beisbol.App - Se encontraron 23 juegos para 2015-04-17
2015-04-17_08:57:26.574 [main] INFO  deportes.beisbol.App - FIN DE PROCEDIMIENTO
2015-04-20_09:12:09.314 [main] INFO  deportes.beisbol.App - INICIO DE PROCEDIMIENTO
2015-04-20_09:12:10.544 [main] INFO  d.b.json.set1.LectorMultiPartidos - Liga de partidos:http://www.milb.com/gdcross/components/game/aaa/year_2015/month_04/day_17/master_scoreboard.json
2015-04-20_09:12:11.575 [main] INFO  deportes.beisbol.App - Se encontraron 23 juegos para 2015-04-17
2015-04-20_09:12:11.584 [main] INFO  d.b.json.set1.LectorMultiPartidos - Liga de partidos:http://www.milb.com/gdcross/components/game/aaa/year_2015/month_04/day_18/master_scoreboard.json
2015-04-20_09:12:11.872 [main] INFO  deportes.beisbol.App - Se encontraron 23 juegos para 2015-04-18
2015-04-20_09:12:11.884 [main] INFO  d.b.json.set1.LectorMultiPartidos - Liga de partidos:http://www.milb.com/gdcross/components/game/aaa/year_2015/month_04/day_19/master_scoreboard.json
2015-04-20_09:12:14.031 [main] INFO  d.b.json.set1.LectorMultiPartidos - OP_EXITOSA
2015-04-20_09:12:14.234 [main] INFO  d.b.json.set1.LectorMultiPartidos - OP_EXITOSA
2015-04-20_09:12:14.465 [main] INFO  d.b.json.set1.LectorMultiPartidos - OP_EXITOSA
2015-04-20_09:12:14.697 [main] INFO  d.b.json.set1.LectorMultiPartidos - OP_EXITOSA
2015-04-20_09:12:14.873 [main] INFO  d.b.json.set1.LectorMultiPartidos - OP_EXITOSA
2015-04-20_09:12:15.021 [main] INFO  d.b.json.set1.LectorMultiPartidos - OP_EXITOSA
2015-04-20_09:12:15.164 [main] INFO  d.b.json.set1.LectorMultiPartidos - OP_EXITOSA
2015-04-20_09:12:15.299 [main] INFO  d.b.json.set1.LectorMultiPartidos - OP_EXITOSA
2015-04-20_09:12:15.299 [main] INFO  deportes.beisbol.App - Se encontraron 25 juegos para 2015-04-19
2015-04-20_09:12:15.307 [main] INFO  d.b.json.set1.LectorMultiPartidos - Liga de partidos:http://www.milb.com/gdcross/components/game/aaa/year_2015/month_04/day_20/master_scoreboard.json
2015-04-20_09:12:15.439 [main] INFO  deportes.beisbol.App - Se encontraron 15 juegos para 2015-04-20
2015-04-20_09:12:15.439 [main] INFO  deportes.beisbol.App - FIN DE PROCEDIMIENTO
2015-04-20_09:17:52.125 [main] INFO  deportes.beisbol.App - INICIO DE PROCEDIMIENTO
2015-04-20_09:17:53.675 [main] INFO  d.b.json.set1.LectorMultiPartidos - Liga de partidos:http://www.milb.com/gdcross/components/game/aaa/year_2015/month_04/day_17/master_scoreboard.json
2015-04-20_09:17:54.338 [main] INFO  deportes.beisbol.App - Se encontraron 23 juegos para 2015-04-17
2015-04-20_09:17:54.354 [main] INFO  d.b.json.set1.LectorMultiPartidos - Liga de partidos:http://www.milb.com/gdcross/components/game/aaa/year_2015/month_04/day_18/master_scoreboard.json
2015-04-20_09:17:54.733 [main] INFO  deportes.beisbol.App - Se encontraron 23 juegos para 2015-04-18
2015-04-20_09:17:54.737 [main] INFO  deportes.beisbol.App - FIN DE PROCEDIMIENTO
2015-04-20_09:18:33.202 [main] INFO  deportes.beisbol.App - INICIO DE PROCEDIMIENTO
2015-04-20_09:18:34.415 [main] INFO  d.b.json.set1.LectorMultiPartidos - Liga de partidos:http://www.milb.com/gdcross/components/game/aaa/year_2015/month_04/day_17/master_scoreboard.json
2015-04-20_09:20:51.917 [main] INFO  deportes.beisbol.App - INICIO DE PROCEDIMIENTO
2015-04-20_09:20:53.075 [main] INFO  d.b.json.set1.LectorMultiPartidos - Liga de partidos:http://www.milb.com/gdcross/components/game/aaa/year_2015/month_04/day_17/master_scoreboard.json
2015-04-20_09:20:54.040 [main] INFO  d.b.json.set1.LectorMultiPartidos - ERROR desconocido
2015-04-20_09:20:54.165 [main] INFO  d.b.json.set1.LectorMultiPartidos - ERROR desconocido
2015-04-20_09:20:54.275 [main] INFO  d.b.json.set1.LectorMultiPartidos - ERROR desconocido
2015-04-20_09:20:54.353 [main] INFO  d.b.json.set1.LectorMultiPartidos - ERROR desconocido
2015-04-20_09:20:54.353 [main] INFO  deportes.beisbol.App - Se encontraron 23 juegos para 2015-04-17
2015-04-20_09:20:54.368 [main] INFO  d.b.json.set1.LectorMultiPartidos - Liga de partidos:http://www.milb.com/gdcross/components/game/aaa/year_2015/month_04/day_18/master_scoreboard.json
2015-04-20_09:20:54.884 [main] INFO  d.b.json.set1.LectorMultiPartidos - ERROR desconocido
2015-04-20_09:20:54.995 [main] INFO  d.b.json.set1.LectorMultiPartidos - ERROR desconocido
2015-04-20_09:20:55.089 [main] INFO  d.b.json.set1.LectorMultiPartidos - ERROR desconocido
2015-04-20_09:20:55.227 [main] INFO  d.b.json.set1.LectorMultiPartidos - ERROR desconocido
2015-04-20_09:20:55.229 [main] INFO  deportes.beisbol.App - Se encontraron 23 juegos para 2015-04-18
2015-04-20_09:20:55.229 [main] INFO  deportes.beisbol.App - FIN DE PROCEDIMIENTO
2015-04-20_09:26:05.172 [main] INFO  deportes.beisbol.App - INICIO DE PROCEDIMIENTO
2015-04-20_09:26:06.454 [main] INFO  d.b.json.set1.LectorMultiPartidos - Liga de partidos:http://www.milb.com/gdcross/components/game/aaa/year_2015/month_04/day_17/master_scoreboard.json
2015-04-20_09:27:07.359 [main] INFO  deportes.beisbol.App - INICIO DE PROCEDIMIENTO
2015-04-20_09:27:08.618 [main] INFO  d.b.json.set1.LectorMultiPartidos - Liga de partidos:http://www.milb.com/gdcross/components/game/aaa/year_2015/month_04/day_17/master_scoreboard.json
2015-04-20_09:28:14.248 [main] INFO  deportes.beisbol.App - INICIO DE PROCEDIMIENTO
2015-04-20_09:28:15.472 [main] INFO  d.b.json.set1.LectorMultiPartidos - Liga de partidos:http://www.milb.com/gdcross/components/game/aaa/year_2015/month_04/day_17/master_scoreboard.json
2015-04-20_09:29:14.125 [main] INFO  d.b.json.set1.LectorMultiPartidos - ERROR desconocido
2015-04-20_09:29:14.244 [main] INFO  d.b.json.set1.LectorMultiPartidos - ERROR desconocido
2015-04-20_09:29:14.338 [main] INFO  d.b.json.set1.LectorMultiPartidos - ERROR desconocido
2015-04-20_09:29:14.432 [main] INFO  d.b.json.set1.LectorMultiPartidos - ERROR desconocido
2015-04-20_09:29:14.432 [main] INFO  deportes.beisbol.App - Se encontraron 23 juegos para 2015-04-17
2015-04-20_09:29:14.432 [main] INFO  d.b.json.set1.LectorMultiPartidos - Liga de partidos:http://www.milb.com/gdcross/components/game/aaa/year_2015/month_04/day_18/master_scoreboard.json
2015-04-20_09:29:14.885 [main] INFO  d.b.json.set1.LectorMultiPartidos - ERROR desconocido
2015-04-20_09:29:14.979 [main] INFO  d.b.json.set1.LectorMultiPartidos - ERROR desconocido
2015-04-20_09:29:15.060 [main] INFO  d.b.json.set1.LectorMultiPartidos - ERROR desconocido
2015-04-20_09:29:15.153 [main] INFO  d.b.json.set1.LectorMultiPartidos - ERROR desconocido
2015-04-20_09:29:15.153 [main] INFO  deportes.beisbol.App - Se encontraron 23 juegos para 2015-04-18
2015-04-20_09:29:15.153 [main] INFO  deportes.beisbol.App - FIN DE PROCEDIMIENTO
2015-04-20_09:46:38.401 [main] INFO  deportes.beisbol.App - INICIO DE PROCEDIMIENTO
2015-04-20_09:46:39.550 [main] INFO  d.b.json.set1.LectorMultiPartidos - Liga de partidos:http://www.milb.com/gdcross/components/game/aaa/year_2015/month_04/day_17/master_scoreboard.json
2015-04-20_09:46:40.621 [main] INFO  d.b.json.set1.LectorMultiPartidos - OP_EXITOSA
2015-04-20_09:46:40.758 [main] INFO  d.b.json.set1.LectorMultiPartidos - ERROR desconocido
2015-04-20_09:46:40.883 [main] INFO  d.b.json.set1.LectorMultiPartidos - OP_EXITOSA
2015-04-20_09:46:41.023 [main] INFO  d.b.json.set1.LectorMultiPartidos - OP_EXITOSA
2015-04-20_09:46:41.023 [main] INFO  deportes.beisbol.App - Se encontraron 23 juegos para 2015-04-17
2015-04-20_09:46:41.023 [main] INFO  d.b.json.set1.LectorMultiPartidos - Liga de partidos:http://www.milb.com/gdcross/components/game/aaa/year_2015/month_04/day_18/master_scoreboard.json
2015-04-20_09:46:41.605 [main] INFO  d.b.json.set1.LectorMultiPartidos - OP_EXITOSA
2015-04-20_09:46:41.699 [main] INFO  d.b.json.set1.LectorMultiPartidos - ERROR desconocido
2015-04-20_09:46:41.887 [main] INFO  d.b.json.set1.LectorMultiPartidos - OP_EXITOSA
2015-04-20_09:46:42.044 [main] INFO  d.b.json.set1.LectorMultiPartidos - OP_EXITOSA
2015-04-20_09:46:42.045 [main] INFO  deportes.beisbol.App - Se encontraron 23 juegos para 2015-04-18
2015-04-20_09:46:42.046 [main] INFO  deportes.beisbol.App - FIN DE PROCEDIMIENTO
2015-04-20_09:50:19.591 [main] INFO  deportes.beisbol.App - INICIO DE PROCEDIMIENTO
2015-04-20_09:50:20.654 [main] INFO  d.b.json.set1.LectorMultiPartidos - Liga de partidos:http://www.milb.com/gdcross/components/game/aaa/year_2015/month_04/day_17/master_scoreboard.json
2015-04-20_09:50:21.639 [main] INFO  d.b.json.set1.LectorMultiPartidos - OP_EXITOSA
2015-04-20_09:50:21.830 [main] INFO  d.b.json.set1.LectorMultiPartidos - OP_EXITOSA
2015-04-20_09:50:21.971 [main] INFO  d.b.json.set1.LectorMultiPartidos - OP_EXITOSA
2015-04-20_09:50:22.080 [main] INFO  d.b.json.set1.LectorMultiPartidos - OP_EXITOSA
2015-04-20_09:50:22.080 [main] INFO  deportes.beisbol.App - Se encontraron 23 juegos para 2015-04-17
2015-04-20_09:50:22.080 [main] INFO  d.b.json.set1.LectorMultiPartidos - Liga de partidos:http://www.milb.com/gdcross/components/game/aaa/year_2015/month_04/day_18/master_scoreboard.json
2015-04-20_09:50:22.618 [main] INFO  d.b.json.set1.LectorMultiPartidos - OP_EXITOSA
2015-04-20_09:50:22.727 [main] INFO  d.b.json.set1.LectorMultiPartidos - OP_EXITOSA
2015-04-20_09:50:22.819 [main] INFO  d.b.json.set1.LectorMultiPartidos - OP_EXITOSA
2015-04-20_09:50:22.928 [main] INFO  d.b.json.set1.LectorMultiPartidos - OP_EXITOSA
2015-04-20_09:50:22.928 [main] INFO  deportes.beisbol.App - Se encontraron 23 juegos para 2015-04-18
2015-04-20_09:50:22.928 [main] INFO  deportes.beisbol.App - FIN DE PROCEDIMIENTO
2015-04-20_09:50:51.652 [main] INFO  deportes.beisbol.App - INICIO DE PROCEDIMIENTO
2015-04-20_09:50:52.717 [main] INFO  d.b.json.set1.LectorMultiPartidos - Liga de partidos:http://www.milb.com/gdcross/components/game/aaa/year_2015/month_04/day_17/master_scoreboard.json
2015-04-20_09:50:53.671 [main] INFO  d.b.json.set1.LectorMultiPartidos - OP_EXITOSA
2015-04-20_09:50:53.764 [main] INFO  d.b.json.set1.LectorMultiPartidos - ERROR desconocido
2015-04-20_09:50:53.889 [main] INFO  d.b.json.set1.LectorMultiPartidos - OP_EXITOSA
2015-04-20_09:50:53.998 [main] INFO  d.b.json.set1.LectorMultiPartidos - OP_EXITOSA
2015-04-20_09:50:53.998 [main] INFO  deportes.beisbol.App - Se encontraron 23 juegos para 2015-04-17
2015-04-20_09:50:54.014 [main] INFO  d.b.json.set1.LectorMultiPartidos - Liga de partidos:http://www.milb.com/gdcross/components/game/aaa/year_2015/month_04/day_18/master_scoreboard.json
2015-04-20_09:50:54.498 [main] INFO  d.b.json.set1.LectorMultiPartidos - OP_EXITOSA
2015-04-20_09:50:54.580 [main] INFO  d.b.json.set1.LectorMultiPartidos - ERROR desconocido
2015-04-20_09:50:54.705 [main] INFO  d.b.json.set1.LectorMultiPartidos - OP_EXITOSA
2015-04-20_09:50:54.814 [main] INFO  d.b.json.set1.LectorMultiPartidos - OP_EXITOSA
2015-04-20_09:50:54.829 [main] INFO  deportes.beisbol.App - Se encontraron 23 juegos para 2015-04-18
2015-04-20_09:50:54.829 [main] INFO  deportes.beisbol.App - FIN DE PROCEDIMIENTO
2015-04-24_09:16:23.605 [main] INFO  deportes.beisbol.App - INICIO DE PROCEDIMIENTO
2015-04-24_09:17:16.539 [main] INFO  deportes.beisbol.App - INICIO DE PROCEDIMIENTO
2015-04-24_09:17:46.122 [main] INFO  deportes.beisbol.App - INICIO DE PROCEDIMIENTO
2015-04-24_09:18:23.080 [main] INFO  deportes.beisbol.App - INICIO DE PROCEDIMIENTO
2015-04-24_09:20:02.562 [main] INFO  deportes.beisbol.App - INICIO DE PROCEDIMIENTO
2015-04-24_09:20:03.723 [main] INFO  d.b.lectores.BaseballPartidosReader - Liga de partidos:http://www.milb.com/gdcross/components/game/aaa/year_2015/month_04/day_20/master_scoreboard.json
2015-04-24_09:20:04.388 [main] INFO  deportes.beisbol.App - Se encontraron 15 juegos para 2015-04-20
2015-04-24_09:20:04.404 [main] INFO  d.b.lectores.BaseballPartidosReader - Liga de partidos:http://www.milb.com/gdcross/components/game/aaa/year_2015/month_04/day_21/master_scoreboard.json
2015-04-24_09:20:04.709 [main] INFO  deportes.beisbol.App - Se encontraron 25 juegos para 2015-04-21
2015-04-24_09:20:04.721 [main] INFO  d.b.lectores.BaseballPartidosReader - Liga de partidos:http://www.milb.com/gdcross/components/game/aaa/year_2015/month_04/day_22/master_scoreboard.json
2015-04-24_09:20:05.072 [main] INFO  deportes.beisbol.App - Se encontraron 23 juegos para 2015-04-22
2015-04-24_09:20:05.080 [main] INFO  d.b.lectores.BaseballPartidosReader - Liga de partidos:http://www.milb.com/gdcross/components/game/aaa/year_2015/month_04/day_23/master_scoreboard.json
2015-04-24_09:20:05.196 [main] INFO  deportes.beisbol.App - Se encontraron 23 juegos para 2015-04-23
2015-04-24_09:20:05.196 [main] INFO  deportes.beisbol.App - FIN DE PROCEDIMIENTO
2015-04-24_09:21:31.186 [main] INFO  deportes.beisbol.App - INICIO DE PROCEDIMIENTO
2015-04-24_09:21:32.311 [main] INFO  d.b.lectores.BaseballPartidosReader - Liga de partidos:http://www.milb.com/gdcross/components/game/aaa/year_2015/month_04/day_20/master_scoreboard.json
2015-04-24_09:21:32.824 [main] INFO  deportes.beisbol.App - Se encontraron 15 juegos para 2015-04-20
2015-04-24_09:21:32.828 [main] INFO  d.b.lectores.BaseballPartidosReader - Liga de partidos:http://www.milb.com/gdcross/components/game/aaa/year_2015/month_04/day_21/master_scoreboard.json
2015-04-24_09:21:34.628 [main] INFO  d.b.lectores.LectorMultiPartidos - OP_EXITOSA
2015-04-24_09:21:34.944 [main] INFO  d.b.lectores.LectorMultiPartidos - OP_EXITOSA
2015-04-24_09:21:35.217 [main] INFO  d.b.lectores.LectorMultiPartidos - OP_EXITOSA
2015-04-24_09:21:35.429 [main] INFO  d.b.lectores.LectorMultiPartidos - OP_EXITOSA
2015-04-24_09:21:35.613 [main] INFO  d.b.lectores.LectorMultiPartidos - OP_EXITOSA
2015-04-24_09:21:35.760 [main] INFO  d.b.lectores.LectorMultiPartidos - OP_EXITOSA
2015-04-24_09:21:35.980 [main] INFO  d.b.lectores.LectorMultiPartidos - OP_EXITOSA
2015-04-24_09:21:36.159 [main] INFO  d.b.lectores.LectorMultiPartidos - OP_EXITOSA
2015-04-24_09:21:36.159 [main] INFO  deportes.beisbol.App - Se encontraron 25 juegos para 2015-04-21
2015-04-24_09:21:36.159 [main] INFO  d.b.lectores.BaseballPartidosReader - Liga de partidos:http://www.milb.com/gdcross/components/game/aaa/year_2015/month_04/day_22/master_scoreboard.json
2015-04-24_09:21:36.533 [main] INFO  d.b.lectores.LectorMultiPartidos - OP_EXITOSA
2015-04-24_09:21:36.708 [main] INFO  d.b.lectores.LectorMultiPartidos - OP_EXITOSA
2015-04-24_09:21:36.828 [main] INFO  d.b.lectores.LectorMultiPartidos - OP_EXITOSA
2015-04-24_09:21:36.992 [main] INFO  d.b.lectores.LectorMultiPartidos - OP_EXITOSA
2015-04-24_09:21:37.128 [main] INFO  d.b.lectores.LectorMultiPartidos - OP_EXITOSA
2015-04-24_09:21:37.227 [main] INFO  d.b.lectores.LectorMultiPartidos - OP_EXITOSA
2015-04-24_09:21:37.371 [main] INFO  d.b.lectores.LectorMultiPartidos - OP_EXITOSA
2015-04-24_09:21:37.564 [main] INFO  d.b.lectores.LectorMultiPartidos - OP_EXITOSA
2015-04-24_09:21:37.564 [main] INFO  deportes.beisbol.App - Se encontraron 23 juegos para 2015-04-22
2015-04-24_09:21:37.564 [main] INFO  d.b.lectores.BaseballPartidosReader - Liga de partidos:http://www.milb.com/gdcross/components/game/aaa/year_2015/month_04/day_23/master_scoreboard.json
2015-04-24_09:21:37.843 [main] INFO  d.b.lectores.LectorMultiPartidos - OP_EXITOSA
2015-04-24_09:21:38.005 [main] INFO  d.b.lectores.LectorMultiPartidos - OP_EXITOSA
2015-04-24_09:21:38.137 [main] INFO  d.b.lectores.LectorMultiPartidos - OP_EXITOSA
2015-04-24_09:21:38.313 [main] INFO  d.b.lectores.LectorMultiPartidos - OP_EXITOSA
2015-04-24_09:21:38.482 [main] INFO  d.b.lectores.LectorMultiPartidos - OP_EXITOSA
2015-04-24_09:21:38.610 [main] INFO  d.b.lectores.LectorMultiPartidos - OP_EXITOSA
2015-04-24_09:21:38.730 [main] INFO  d.b.lectores.LectorMultiPartidos - OP_EXITOSA
2015-04-24_09:21:38.843 [main] INFO  d.b.lectores.LectorMultiPartidos - OP_EXITOSA
2015-04-24_09:21:38.858 [main] INFO  deportes.beisbol.App - Se encontraron 23 juegos para 2015-04-23
2015-04-24_09:21:38.868 [main] INFO  deportes.beisbol.App - FIN DE PROCEDIMIENTO
2015-04-27_08:56:26.091 [main] INFO  deportes.beisbol.App - INICIO DE PROCEDIMIENTO
2015-04-27_08:56:27.422 [main] INFO  d.b.lectores.BaseballPartidosReader - Liga de partidos:http://www.milb.com/gdcross/components/game/aaa/year_2015/month_04/day_24/master_scoreboard.json
2015-04-27_08:56:31.280 [main] INFO  d.b.lectores.LectorMultiPartidos - OP_EXITOSA
2015-04-27_08:56:31.532 [main] INFO  d.b.lectores.LectorMultiPartidos - OP_EXITOSA
2015-04-27_08:56:31.780 [main] INFO  d.b.lectores.LectorMultiPartidos - OP_EXITOSA
2015-04-27_08:56:32.024 [main] INFO  d.b.lectores.LectorMultiPartidos - OP_EXITOSA
2015-04-27_08:56:32.212 [main] INFO  d.b.lectores.LectorMultiPartidos - OP_EXITOSA
2015-04-27_08:56:32.351 [main] INFO  d.b.lectores.LectorMultiPartidos - OP_EXITOSA
2015-04-27_08:56:32.509 [main] INFO  d.b.lectores.LectorMultiPartidos - OP_EXITOSA
2015-04-27_08:56:32.694 [main] INFO  d.b.lectores.LectorMultiPartidos - OP_EXITOSA
2015-04-27_08:56:32.694 [main] INFO  deportes.beisbol.App - Se encontraron 23 juegos para 2015-04-24
2015-04-27_08:56:32.702 [main] INFO  d.b.lectores.BaseballPartidosReader - Liga de partidos:http://www.milb.com/gdcross/components/game/aaa/year_2015/month_04/day_25/master_scoreboard.json
2015-04-27_08:56:33.127 [main] INFO  d.b.lectores.LectorMultiPartidos - OP_EXITOSA
2015-04-27_08:56:33.316 [main] INFO  d.b.lectores.LectorMultiPartidos - OP_EXITOSA
2015-04-27_08:56:33.489 [main] INFO  d.b.lectores.LectorMultiPartidos - OP_EXITOSA
2015-04-27_08:56:33.652 [main] INFO  d.b.lectores.LectorMultiPartidos - OP_EXITOSA
2015-04-27_08:56:33.878 [main] INFO  d.b.lectores.LectorMultiPartidos - OP_EXITOSA
2015-04-27_08:56:34.009 [main] INFO  d.b.lectores.LectorMultiPartidos - OP_EXITOSA
2015-04-27_08:56:34.140 [main] INFO  d.b.lectores.LectorMultiPartidos - OP_EXITOSA
2015-04-27_08:56:34.288 [main] INFO  d.b.lectores.LectorMultiPartidos - OP_EXITOSA
2015-04-27_08:56:34.297 [main] INFO  deportes.beisbol.App - Se encontraron 25 juegos para 2015-04-25
2015-04-27_08:56:34.304 [main] INFO  d.b.lectores.BaseballPartidosReader - Liga de partidos:http://www.milb.com/gdcross/components/game/aaa/year_2015/month_04/day_26/master_scoreboard.json
2015-04-27_08:56:34.490 [main] INFO  d.b.lectores.LectorMultiPartidos - OP_EXITOSA
2015-04-27_08:56:34.581 [main] INFO  d.b.lectores.LectorMultiPartidos - OP_EXITOSA
2015-04-27_08:56:34.683 [main] INFO  d.b.lectores.LectorMultiPartidos - OP_EXITOSA
2015-04-27_08:56:34.789 [main] INFO  d.b.lectores.LectorMultiPartidos - OP_EXITOSA
2015-04-27_08:56:34.870 [main] INFO  d.b.lectores.LectorMultiPartidos - OP_EXITOSA
2015-04-27_08:56:34.955 [main] INFO  d.b.lectores.LectorMultiPartidos - OP_EXITOSA
2015-04-27_08:56:35.058 [main] INFO  d.b.lectores.LectorMultiPartidos - OP_EXITOSA
2015-04-27_08:56:35.146 [main] INFO  d.b.lectores.LectorMultiPartidos - OP_EXITOSA
2015-04-27_08:56:35.146 [main] INFO  deportes.beisbol.App - Se encontraron 25 juegos para 2015-04-26
2015-04-27_08:56:35.146 [main] INFO  deportes.beisbol.App - FIN DE PROCEDIMIENTO
2015-05-01_18:19:43.244 [main] INFO  deportes.beisbol.App - INICIO DE PROCEDIMIENTO
2015-05-01_18:19:44.421 [main] INFO  d.b.lectores.BaseballPartidosReader - Liga de partidos:http://www.milb.com/gdcross/components/game/aaa/year_2015/month_04/day_27/master_scoreboard.json
2015-05-01_18:19:45.706 [main] INFO  deportes.beisbol.App - Se encontraron 17 juegos para 2015-04-27
2015-05-01_18:19:45.713 [main] INFO  d.b.lectores.BaseballPartidosReader - Liga de partidos:http://www.milb.com/gdcross/components/game/aaa/year_2015/month_04/day_28/master_scoreboard.json
2015-05-01_18:19:49.380 [main] INFO  d.b.lectores.LectorMultiPartidos - OP_EXITOSA
2015-05-01_18:19:49.636 [main] INFO  d.b.lectores.LectorMultiPartidos - OP_EXITOSA
2015-05-01_18:19:49.839 [main] INFO  d.b.lectores.LectorMultiPartidos - OP_EXITOSA
2015-05-01_18:19:50.058 [main] INFO  d.b.lectores.LectorMultiPartidos - OP_EXITOSA
2015-05-01_18:19:50.229 [main] INFO  d.b.lectores.LectorMultiPartidos - OP_EXITOSA
2015-05-01_18:19:50.390 [main] INFO  d.b.lectores.LectorMultiPartidos - OP_EXITOSA
2015-05-01_18:19:51.222 [main] INFO  d.b.lectores.LectorMultiPartidos - OP_EXITOSA
2015-05-01_18:19:51.378 [main] INFO  d.b.lectores.LectorMultiPartidos - OP_EXITOSA
2015-05-01_18:19:51.378 [main] INFO  deportes.beisbol.App - Se encontraron 26 juegos para 2015-04-28
2015-05-01_18:19:51.394 [main] INFO  d.b.lectores.BaseballPartidosReader - Liga de partidos:http://www.milb.com/gdcross/components/game/aaa/year_2015/month_04/day_29/master_scoreboard.json
2015-05-01_18:19:51.977 [main] INFO  d.b.lectores.LectorMultiPartidos - OP_EXITOSA
2015-05-01_18:19:52.117 [main] INFO  d.b.lectores.LectorMultiPartidos - OP_EXITOSA
2015-05-01_18:19:52.133 [main] INFO  d.b.lectores.LectorMultiPartidos - status:Postponed
2015-05-01_18:19:52.242 [main] INFO  d.b.lectores.LectorMultiPartidos - OP_EXITOSA
2015-05-01_18:19:52.381 [main] INFO  d.b.lectores.LectorMultiPartidos - OP_EXITOSA
2015-05-01_18:19:52.501 [main] INFO  d.b.lectores.LectorMultiPartidos - OP_EXITOSA
2015-05-01_18:19:53.218 [main] INFO  d.b.lectores.LectorMultiPartidos - OP_EXITOSA
2015-05-01_18:19:53.360 [main] INFO  d.b.lectores.LectorMultiPartidos - OP_EXITOSA
2015-05-01_18:19:53.360 [main] INFO  deportes.beisbol.App - Se encontraron 15 juegos para 2015-04-29
2015-05-01_18:19:53.360 [main] INFO  d.b.lectores.BaseballPartidosReader - Liga de partidos:http://www.milb.com/gdcross/components/game/aaa/year_2015/month_04/day_30/master_scoreboard.json
2015-05-01_18:19:54.419 [main] INFO  d.b.lectores.LectorMultiPartidos - OP_EXITOSA
2015-05-01_18:19:54.573 [main] INFO  d.b.lectores.LectorMultiPartidos - OP_EXITOSA
2015-05-01_18:19:54.693 [main] INFO  d.b.lectores.LectorMultiPartidos - OP_EXITOSA
2015-05-01_18:19:54.817 [main] INFO  d.b.lectores.LectorMultiPartidos - OP_EXITOSA
2015-05-01_18:19:54.957 [main] INFO  d.b.lectores.LectorMultiPartidos - OP_EXITOSA
2015-05-01_18:19:55.077 [main] INFO  d.b.lectores.LectorMultiPartidos - OP_EXITOSA
2015-05-01_18:19:55.213 [main] INFO  d.b.lectores.LectorMultiPartidos - OP_EXITOSA
2015-05-01_18:19:55.333 [main] INFO  d.b.lectores.LectorMultiPartidos - OP_EXITOSA
2015-05-01_18:19:55.422 [main] INFO  d.b.lectores.LectorMultiPartidos - OP_EXITOSA
2015-05-01_18:19:55.435 [main] INFO  deportes.beisbol.App - Se encontraron 24 juegos para 2015-04-30
2015-05-01_18:19:55.443 [main] INFO  deportes.beisbol.App - FIN DE PROCEDIMIENTO
2015-05-04_09:25:22.843 [main] INFO  deportes.beisbol.App - INICIO DE PROCEDIMIENTO
2015-05-04_09:25:24.032 [main] INFO  d.b.lectores.BaseballPartidosReader - Liga de partidos:http://www.milb.com/gdcross/components/game/aaa/year_2015/month_05/day_01/master_scoreboard.json
2015-05-04_09:25:26.929 [main] INFO  d.b.lectores.LectorMultiPartidos - OP_EXITOSA
2015-05-04_09:25:27.149 [main] INFO  d.b.lectores.LectorMultiPartidos - OP_EXITOSA
2015-05-04_09:25:27.296 [main] INFO  d.b.lectores.LectorMultiPartidos - OP_EXITOSA
2015-05-04_09:25:27.422 [main] INFO  d.b.lectores.LectorMultiPartidos - OP_EXITOSA
2015-05-04_09:25:27.541 [main] INFO  d.b.lectores.LectorMultiPartidos - OP_EXITOSA
2015-05-04_09:25:27.688 [main] INFO  d.b.lectores.LectorMultiPartidos - OP_EXITOSA
2015-05-04_09:25:27.812 [main] INFO  d.b.lectores.LectorMultiPartidos - OP_EXITOSA
2015-05-04_09:25:27.945 [main] INFO  d.b.lectores.LectorMultiPartidos - OP_EXITOSA
2015-05-04_09:25:27.946 [main] INFO  deportes.beisbol.App - Se encontraron 23 juegos para 2015-05-01
2015-05-04_09:25:27.957 [main] INFO  d.b.lectores.BaseballPartidosReader - Liga de partidos:http://www.milb.com/gdcross/components/game/aaa/year_2015/month_05/day_02/master_scoreboard.json
2015-05-04_09:25:28.338 [main] INFO  d.b.lectores.LectorMultiPartidos - OP_EXITOSA
2015-05-04_09:25:28.523 [main] INFO  d.b.lectores.LectorMultiPartidos - OP_EXITOSA
2015-05-04_09:25:29.145 [main] INFO  d.b.lectores.LectorMultiPartidos - OP_EXITOSA
2015-05-04_09:25:29.226 [main] INFO  d.b.lectores.LectorMultiPartidos - OP_EXITOSA
2015-05-04_09:25:29.351 [main] INFO  d.b.lectores.LectorMultiPartidos - OP_EXITOSA
2015-05-04_09:25:29.492 [main] INFO  d.b.lectores.LectorMultiPartidos - OP_EXITOSA
2015-05-04_09:25:29.586 [main] INFO  d.b.lectores.LectorMultiPartidos - OP_EXITOSA
2015-05-04_09:25:29.726 [main] INFO  d.b.lectores.LectorMultiPartidos - OP_EXITOSA
2015-05-04_09:25:29.726 [main] INFO  deportes.beisbol.App - Se encontraron 23 juegos para 2015-05-02
2015-05-04_09:25:29.726 [main] INFO  d.b.lectores.BaseballPartidosReader - Liga de partidos:http://www.milb.com/gdcross/components/game/aaa/year_2015/month_05/day_03/master_scoreboard.json
2015-05-04_09:25:29.969 [main] INFO  d.b.lectores.LectorMultiPartidos - OP_EXITOSA
2015-05-04_09:25:30.056 [main] INFO  d.b.lectores.LectorMultiPartidos - OP_EXITOSA
2015-05-04_09:25:30.131 [main] INFO  d.b.lectores.LectorMultiPartidos - OP_EXITOSA
2015-05-04_09:25:30.217 [main] INFO  d.b.lectores.LectorMultiPartidos - OP_EXITOSA
2015-05-04_09:25:30.319 [main] INFO  d.b.lectores.LectorMultiPartidos - OP_EXITOSA
2015-05-04_09:25:30.394 [main] INFO  d.b.lectores.LectorMultiPartidos - OP_EXITOSA
2015-05-04_09:25:30.761 [main] INFO  d.b.lectores.LectorMultiPartidos - OP_EXITOSA
2015-05-04_09:25:30.802 [main] INFO  d.b.lectores.LectorMultiPartidos - OP_EXITOSA
2015-05-04_09:25:30.802 [main] INFO  deportes.beisbol.App - Se encontraron 23 juegos para 2015-05-03
2015-05-04_09:25:30.817 [main] INFO  d.b.lectores.BaseballPartidosReader - Liga de partidos:http://www.milb.com/gdcross/components/game/aaa/year_2015/month_05/day_04/master_scoreboard.json
2015-05-04_09:25:30.880 [main] INFO  deportes.beisbol.App - Se encontraron 10 juegos para 2015-05-04
2015-05-04_09:25:30.880 [main] INFO  deportes.beisbol.App - FIN DE PROCEDIMIENTO
2015-05-06_18:24:31.768 [main] INFO  deportes.beisbol.App - INICIO DE PROCEDIMIENTO
2015-05-06_18:24:33.028 [main] INFO  d.b.lectores.BaseballPartidosReader - Liga de partidos:http://www.milb.com/gdcross/components/game/aaa/year_2015/month_05/day_04/master_scoreboard.json
2015-05-06_18:24:33.786 [main] INFO  deportes.beisbol.App - Se encontraron 10 juegos para 2015-05-04
2015-05-06_18:24:33.794 [main] INFO  d.b.lectores.BaseballPartidosReader - Liga de partidos:http://www.milb.com/gdcross/components/game/aaa/year_2015/month_05/day_05/master_scoreboard.json
2015-05-06_18:24:35.660 [main] INFO  d.b.lectores.LectorMultiPartidos - ERROR desconocido
2015-05-06_18:24:35.860 [main] INFO  d.b.lectores.LectorMultiPartidos - ERROR desconocido
2015-05-06_18:24:36.013 [main] INFO  d.b.lectores.LectorMultiPartidos - ERROR desconocido
2015-05-06_18:24:36.145 [main] INFO  d.b.lectores.LectorMultiPartidos - ERROR desconocido
2015-05-06_18:24:36.273 [main] INFO  d.b.lectores.LectorMultiPartidos - ERROR desconocido
2015-05-06_18:24:36.677 [main] INFO  d.b.lectores.LectorMultiPartidos - ERROR desconocido
2015-05-06_18:24:36.767 [main] INFO  d.b.lectores.LectorMultiPartidos - ERROR desconocido
2015-05-06_18:24:36.862 [main] INFO  d.b.lectores.LectorMultiPartidos - ERROR desconocido
2015-05-06_18:24:36.863 [main] INFO  deportes.beisbol.App - Se encontraron 24 juegos para 2015-05-05
2015-05-06_18:24:36.863 [main] INFO  deportes.beisbol.App - FIN DE PROCEDIMIENTO
2015-05-06_18:30:57.674 [main] INFO  deportes.beisbol.App - INICIO DE PROCEDIMIENTO
2015-05-06_18:30:58.791 [main] INFO  d.b.lectores.BaseballPartidosReader - Liga de partidos:http://www.milb.com/gdcross/components/game/aaa/year_2015/month_05/day_04/master_scoreboard.json
2015-05-06_18:30:59.685 [main] INFO  deportes.beisbol.App - Se encontraron 10 juegos para 2015-05-04
2015-05-06_18:30:59.693 [main] INFO  d.b.lectores.BaseballPartidosReader - Liga de partidos:http://www.milb.com/gdcross/components/game/aaa/year_2015/month_05/day_05/master_scoreboard.json
2015-05-06_18:31:01.461 [main] INFO  d.b.lectores.LectorMultiPartidos - OP_EXITOSA
2015-05-06_18:31:01.754 [main] INFO  d.b.lectores.LectorMultiPartidos - OP_EXITOSA
2015-05-06_18:31:01.968 [main] INFO  d.b.lectores.LectorMultiPartidos - OP_EXITOSA
2015-05-06_18:31:02.152 [main] INFO  d.b.lectores.LectorMultiPartidos - OP_EXITOSA
2015-05-06_18:31:02.311 [main] INFO  d.b.lectores.LectorMultiPartidos - OP_EXITOSA
2015-05-06_18:31:03.228 [main] INFO  d.b.lectores.LectorMultiPartidos - OP_EXITOSA
2015-05-06_18:31:03.354 [main] INFO  d.b.lectores.LectorMultiPartidos - OP_EXITOSA
2015-05-06_18:31:03.519 [main] INFO  d.b.lectores.LectorMultiPartidos - OP_EXITOSA
2015-05-06_18:31:03.519 [main] INFO  deportes.beisbol.App - Se encontraron 24 juegos para 2015-05-05
2015-05-06_18:31:03.520 [main] INFO  deportes.beisbol.App - FIN DE PROCEDIMIENTO
2015-05-07_16:04:06.009 [main] INFO  deportes.beisbol.App - INICIO DE PROCEDIMIENTO
2015-05-07_16:04:07.318 [main] INFO  d.b.lectores.BaseballPartidosReader - Liga de partidos:http://www.milb.com/gdcross/components/game/aaa/year_2015/month_05/day_06/master_scoreboard.json
2015-05-07_16:04:10.353 [main] INFO  d.b.lectores.LectorMultiPartidos - ERROR desconocido
2015-05-07_16:04:10.631 [main] INFO  d.b.lectores.LectorMultiPartidos - ERROR desconocido
2015-05-07_16:04:10.928 [main] INFO  d.b.lectores.LectorMultiPartidos - ERROR desconocido
2015-05-07_16:04:11.178 [main] INFO  d.b.lectores.LectorMultiPartidos - ERROR desconocido
2015-05-07_16:04:11.366 [main] INFO  d.b.lectores.LectorMultiPartidos - ERROR desconocido
2015-05-07_16:04:11.576 [main] INFO  d.b.lectores.LectorMultiPartidos - ERROR desconocido
2015-05-07_16:04:11.740 [main] INFO  d.b.lectores.LectorMultiPartidos - ERROR desconocido
2015-05-07_16:04:12.627 [main] INFO  d.b.lectores.LectorMultiPartidos - ERROR desconocido
2015-05-07_16:04:12.843 [main] INFO  d.b.lectores.LectorMultiPartidos - ERROR desconocido
2015-05-07_16:04:12.844 [main] INFO  deportes.beisbol.App - Se encontraron 24 juegos para 2015-05-06
2015-05-07_16:04:12.844 [main] INFO  deportes.beisbol.App - FIN DE PROCEDIMIENTO
2015-05-07_16:22:27.606 [main] INFO  deportes.beisbol.App - INICIO DE PROCEDIMIENTO
2015-05-07_16:22:28.893 [main] INFO  d.b.lectores.BaseballPartidosReader - Liga de partidos:http://www.milb.com/gdcross/components/game/aaa/year_2015/month_05/day_06/master_scoreboard.json
2015-05-07_16:22:31.590 [main] INFO  d.b.lectores.LectorMultiPartidos - OP_EXITOSA
2015-05-07_16:22:31.898 [main] INFO  d.b.lectores.LectorMultiPartidos - OP_EXITOSA
2015-05-07_16:22:32.195 [main] INFO  d.b.lectores.LectorMultiPartidos - OP_EXITOSA
2015-05-07_16:22:32.407 [main] INFO  d.b.lectores.LectorMultiPartidos - OP_EXITOSA
2015-05-07_16:22:32.641 [main] INFO  d.b.lectores.LectorMultiPartidos - OP_EXITOSA
2015-05-07_16:22:32.867 [main] INFO  d.b.lectores.LectorMultiPartidos - OP_EXITOSA
2015-05-07_16:22:33.036 [main] INFO  d.b.lectores.LectorMultiPartidos - OP_EXITOSA
2015-05-07_16:22:33.779 [main] INFO  d.b.lectores.LectorMultiPartidos - OP_EXITOSA
2015-05-07_16:22:33.923 [main] INFO  d.b.lectores.LectorMultiPartidos - OP_EXITOSA
2015-05-07_16:22:33.939 [main] INFO  deportes.beisbol.App - Se encontraron 24 juegos para 2015-05-06
2015-05-07_16:22:33.939 [main] INFO  deportes.beisbol.App - FIN DE PROCEDIMIENTO
2015-05-11_11:12:09.159 [main] INFO  deportes.beisbol.App - INICIO DE PROCEDIMIENTO
2015-05-11_11:12:10.482 [main] INFO  d.b.lectores.BaseballPartidosReader - Liga de partidos:http://www.milb.com/gdcross/components/game/aaa/year_2015/month_05/day_07/master_scoreboard.json
2015-05-11_11:12:14.044 [main] INFO  d.b.lectores.LectorMultiPartidos - OP_EXITOSA
2015-05-11_11:12:14.639 [main] INFO  d.b.lectores.LectorMultiPartidos - OP_EXITOSA
2015-05-11_11:12:14.883 [main] INFO  d.b.lectores.LectorMultiPartidos - OP_EXITOSA
2015-05-11_11:12:15.125 [main] INFO  d.b.lectores.LectorMultiPartidos - OP_EXITOSA
2015-05-11_11:12:16.231 [main] INFO  d.b.lectores.LectorMultiPartidos - OP_EXITOSA
2015-05-11_11:12:16.364 [main] INFO  d.b.lectores.LectorMultiPartidos - OP_EXITOSA
2015-05-11_11:12:16.628 [main] INFO  d.b.lectores.LectorMultiPartidos - OP_EXITOSA
2015-05-11_11:12:16.629 [main] INFO  deportes.beisbol.App - Se encontraron 21 juegos para 2015-05-07
2015-05-11_11:12:16.632 [main] INFO  d.b.lectores.BaseballPartidosReader - Liga de partidos:http://www.milb.com/gdcross/components/game/aaa/year_2015/month_05/day_08/master_scoreboard.json
2015-05-11_11:12:17.826 [main] INFO  d.b.lectores.LectorMultiPartidos - OP_EXITOSA
2015-05-11_11:12:18.029 [main] INFO  d.b.lectores.LectorMultiPartidos - OP_EXITOSA
2015-05-11_11:12:18.207 [main] INFO  d.b.lectores.LectorMultiPartidos - OP_EXITOSA
2015-05-11_11:12:18.906 [main] INFO  d.b.lectores.LectorMultiPartidos - OP_EXITOSA
2015-05-11_11:12:19.134 [main] INFO  d.b.lectores.LectorMultiPartidos - OP_EXITOSA
2015-05-11_11:12:19.348 [main] INFO  d.b.lectores.LectorMultiPartidos - OP_EXITOSA
2015-05-11_11:12:19.481 [main] INFO  d.b.lectores.LectorMultiPartidos - OP_EXITOSA
2015-05-11_11:12:19.482 [main] INFO  d.b.lectores.LectorMultiPartidos - status:Postponed
2015-05-11_11:12:19.483 [main] INFO  deportes.beisbol.App - Se encontraron 23 juegos para 2015-05-08
2015-05-11_11:12:19.504 [main] INFO  d.b.lectores.BaseballPartidosReader - Liga de partidos:http://www.milb.com/gdcross/components/game/aaa/year_2015/month_05/day_09/master_scoreboard.json
2015-05-11_11:12:20.217 [main] INFO  d.b.lectores.LectorMultiPartidos - OP_EXITOSA
2015-05-11_11:12:20.453 [main] INFO  d.b.lectores.LectorMultiPartidos - OP_EXITOSA
2015-05-11_11:12:20.985 [main] INFO  d.b.lectores.LectorMultiPartidos - OP_EXITOSA
2015-05-11_11:12:21.134 [main] INFO  d.b.lectores.LectorMultiPartidos - OP_EXITOSA
2015-05-11_11:12:21.274 [main] INFO  d.b.lectores.LectorMultiPartidos - OP_EXITOSA
2015-05-11_11:12:21.454 [main] INFO  d.b.lectores.LectorMultiPartidos - OP_EXITOSA
2015-05-11_11:12:21.625 [main] INFO  d.b.lectores.LectorMultiPartidos - OP_EXITOSA
2015-05-11_11:12:21.750 [main] INFO  d.b.lectores.LectorMultiPartidos - OP_EXITOSA
2015-05-11_11:12:21.945 [main] INFO  d.b.lectores.LectorMultiPartidos - OP_EXITOSA
2015-05-11_11:12:21.961 [main] INFO  deportes.beisbol.App - Se encontraron 24 juegos para 2015-05-09
2015-05-11_11:12:21.976 [main] INFO  d.b.lectores.BaseballPartidosReader - Liga de partidos:http://www.milb.com/gdcross/components/game/aaa/year_2015/month_05/day_10/master_scoreboard.json
2015-05-11_11:12:23.011 [main] INFO  d.b.lectores.LectorMultiPartidos - OP_EXITOSA
2015-05-11_11:12:23.239 [main] INFO  d.b.lectores.LectorMultiPartidos - OP_EXITOSA
2015-05-11_11:12:23.429 [main] INFO  d.b.lectores.LectorMultiPartidos - OP_EXITOSA
2015-05-11_11:12:23.538 [main] INFO  d.b.lectores.LectorMultiPartidos - OP_EXITOSA
2015-05-11_11:12:23.702 [main] INFO  d.b.lectores.LectorMultiPartidos - OP_EXITOSA
2015-05-11_11:12:24.177 [main] INFO  d.b.lectores.LectorMultiPartidos - OP_EXITOSA
2015-05-11_11:12:24.324 [main] INFO  d.b.lectores.LectorMultiPartidos - OP_EXITOSA
2015-05-11_11:12:24.459 [main] INFO  d.b.lectores.LectorMultiPartidos - OP_EXITOSA
2015-05-11_11:12:24.615 [main] INFO  d.b.lectores.LectorMultiPartidos - OP_EXITOSA
2015-05-11_11:12:24.740 [main] INFO  d.b.lectores.LectorMultiPartidos - OP_EXITOSA
2015-05-11_11:12:24.938 [main] INFO  d.b.lectores.LectorMultiPartidos - OP_EXITOSA
2015-05-11_11:12:24.946 [main] INFO  deportes.beisbol.App - Se encontraron 27 juegos para 2015-05-10
2015-05-11_11:12:24.946 [main] INFO  d.b.lectores.BaseballPartidosReader - Liga de partidos:http://www.milb.com/gdcross/components/game/aaa/year_2015/month_05/day_11/master_scoreboard.json
2015-05-11_11:12:25.305 [main] INFO  deportes.beisbol.App - Se encontraron 16 juegos para 2015-05-11
2015-05-11_11:12:25.321 [main] INFO  deportes.beisbol.App - FIN DE PROCEDIMIENTO
2015-05-15_09:23:01.117 [main] INFO  deportes.beisbol.App - INICIO DE PROCEDIMIENTO
2015-05-15_09:23:02.268 [main] INFO  d.b.lectores.BaseballPartidosReader - Liga de partidos:http://www.milb.com/gdcross/components/game/aaa/year_2015/month_05/day_12/master_scoreboard.json
2015-05-15_09:23:06.658 [main] INFO  d.b.lectores.LectorMultiPartidos - OP_EXITOSA
2015-05-15_09:23:07.773 [main] INFO  d.b.lectores.LectorMultiPartidos - OP_EXITOSA
2015-05-15_09:23:07.776 [main] INFO  d.b.lectores.LectorMultiPartidos - status:Postponed
2015-05-15_09:23:08.791 [main] INFO  d.b.lectores.LectorMultiPartidos - OP_EXITOSA
2015-05-15_09:23:09.567 [main] INFO  d.b.lectores.LectorMultiPartidos - OP_EXITOSA
2015-05-15_09:23:09.567 [main] INFO  d.b.lectores.LectorMultiPartidos - status:Postponed
2015-05-15_09:23:10.105 [main] INFO  d.b.lectores.LectorMultiPartidos - OP_EXITOSA
2015-05-15_09:23:10.679 [main] INFO  d.b.lectores.LectorMultiPartidos - OP_EXITOSA
2015-05-15_09:23:10.679 [main] INFO  deportes.beisbol.App - Se encontraron 23 juegos para 2015-05-12
2015-05-15_09:23:10.695 [main] INFO  d.b.lectores.BaseballPartidosReader - Liga de partidos:http://www.milb.com/gdcross/components/game/aaa/year_2015/month_05/day_13/master_scoreboard.json
2015-05-15_09:23:11.683 [main] INFO  d.b.lectores.LectorMultiPartidos - OP_EXITOSA
2015-05-15_09:23:11.683 [main] INFO  d.b.lectores.LectorMultiPartidos - status:Postponed
2015-05-15_09:23:11.684 [main] INFO  d.b.lectores.LectorMultiPartidos - status:Postponed
2015-05-15_09:23:12.322 [main] INFO  d.b.lectores.LectorMultiPartidos - OP_EXITOSA
2015-05-15_09:23:12.912 [main] INFO  d.b.lectores.LectorMultiPartidos - OP_EXITOSA
2015-05-15_09:23:13.586 [main] INFO  d.b.lectores.LectorMultiPartidos - OP_EXITOSA
2015-05-15_09:23:14.202 [main] INFO  d.b.lectores.LectorMultiPartidos - OP_EXITOSA
2015-05-15_09:23:14.801 [main] INFO  d.b.lectores.LectorMultiPartidos - OP_EXITOSA
2015-05-15_09:23:15.377 [main] INFO  d.b.lectores.LectorMultiPartidos - OP_EXITOSA
2015-05-15_09:23:15.957 [main] INFO  d.b.lectores.LectorMultiPartidos - OP_EXITOSA
2015-05-15_09:23:15.966 [main] INFO  d.b.lectores.LectorMultiPartidos - status:Postponed
2015-05-15_09:23:16.498 [main] INFO  d.b.lectores.LectorMultiPartidos - OP_EXITOSA
2015-05-15_09:23:16.513 [main] INFO  deportes.beisbol.App - Se encontraron 27 juegos para 2015-05-13
2015-05-15_09:23:16.513 [main] INFO  d.b.lectores.BaseballPartidosReader - Liga de partidos:http://www.milb.com/gdcross/components/game/aaa/year_2015/month_05/day_14/master_scoreboard.json
2015-05-15_09:23:17.310 [main] INFO  d.b.lectores.LectorMultiPartidos - OP_EXITOSA
2015-05-15_09:23:17.849 [main] INFO  d.b.lectores.LectorMultiPartidos - OP_EXITOSA
2015-05-15_09:23:18.376 [main] INFO  d.b.lectores.LectorMultiPartidos - OP_EXITOSA
2015-05-15_09:23:18.967 [main] INFO  d.b.lectores.LectorMultiPartidos - OP_EXITOSA
2015-05-15_09:23:19.512 [main] INFO  d.b.lectores.LectorMultiPartidos - OP_EXITOSA
2015-05-15_09:23:20.082 [main] INFO  d.b.lectores.LectorMultiPartidos - OP_EXITOSA
2015-05-15_09:23:20.669 [main] INFO  d.b.lectores.LectorMultiPartidos - OP_EXITOSA
2015-05-15_09:23:21.247 [main] INFO  d.b.lectores.LectorMultiPartidos - OP_EXITOSA
2015-05-15_09:23:21.774 [main] INFO  d.b.lectores.LectorMultiPartidos - OP_EXITOSA
2015-05-15_09:23:22.350 [main] INFO  d.b.lectores.LectorMultiPartidos - OP_EXITOSA
2015-05-15_09:23:22.362 [main] INFO  d.b.lectores.LectorMultiPartidos - status:Postponed
2015-05-15_09:23:22.371 [main] INFO  deportes.beisbol.App - Se encontraron 28 juegos para 2015-05-14
2015-05-15_09:23:22.385 [main] INFO  d.b.lectores.BaseballPartidosReader - Liga de partidos:http://www.milb.com/gdcross/components/game/aaa/year_2015/month_05/day_15/master_scoreboard.json
2015-05-15_09:23:22.494 [main] INFO  d.b.lectores.LectorMultiPartidos - status:Preview
2015-05-15_09:23:23.140 [main] INFO  d.b.lectores.LectorMultiPartidos - OP_EXITOSA
2015-05-15_09:23:23.627 [main] INFO  d.b.lectores.LectorMultiPartidos - OP_EXITOSA
2015-05-15_09:23:23.637 [main] INFO  d.b.lectores.LectorMultiPartidos - status:Preview
2015-05-15_09:23:24.123 [main] INFO  d.b.lectores.LectorMultiPartidos - OP_EXITOSA
2015-05-15_09:23:24.625 [main] INFO  d.b.lectores.LectorMultiPartidos - OP_EXITOSA
2015-05-15_09:23:24.640 [main] INFO  d.b.lectores.LectorMultiPartidos - status:Preview
2015-05-15_09:23:25.123 [main] INFO  d.b.lectores.LectorMultiPartidos - OP_EXITOSA
2015-05-15_09:23:25.123 [main] INFO  d.b.lectores.LectorMultiPartidos - status:Preview
2015-05-15_09:23:25.139 [main] INFO  d.b.lectores.LectorMultiPartidos - status:Postponed
2015-05-15_09:23:25.139 [main] INFO  d.b.lectores.LectorMultiPartidos - status:Preview
2015-05-15_09:23:25.629 [main] INFO  d.b.lectores.LectorMultiPartidos - OP_EXITOSA
2015-05-15_09:23:26.118 [main] INFO  d.b.lectores.LectorMultiPartidos - OP_EXITOSA
2015-05-15_09:23:26.612 [main] INFO  d.b.lectores.LectorMultiPartidos - OP_EXITOSA
2015-05-15_09:23:26.612 [main] INFO  d.b.lectores.LectorMultiPartidos - status:Preview
2015-05-15_09:23:27.096 [main] INFO  d.b.lectores.LectorMultiPartidos - OP_EXITOSA
2015-05-15_09:23:27.096 [main] INFO  d.b.lectores.LectorMultiPartidos - status:Preview
2015-05-15_09:23:27.593 [main] INFO  d.b.lectores.LectorMultiPartidos - OP_EXITOSA
2015-05-15_09:23:27.607 [main] INFO  d.b.lectores.LectorMultiPartidos - status:Preview
2015-05-15_09:23:27.608 [main] INFO  deportes.beisbol.App - Se encontraron 51 juegos para 2015-05-15
2015-05-15_09:23:27.608 [main] INFO  deportes.beisbol.App - FIN DE PROCEDIMIENTO
